<?xml version="1.0" encoding="UTF-8"?>
<!-- Generated by org.testng.reporters.JUnitReportReporter -->
<testsuite hostname="chethan" failures="0" tests="2" name="tests.FirstTest" time="7.090" errors="0" timestamp="2025-06-28T09:31:48 IST" skipped="0">
  <testcase classname="tests.FirstTest" name="createBooking" time="2.267"/>
  <testcase classname="tests.FirstTest" name="createBooking" time="4.823"/>
</testsuite> <!-- tests.FirstTest -->
